<?xml version="1.0" encoding="UTF-8"?>
<!-- Generated by org.testng.reporters.JUnitReportReporter -->
<testsuite hostname="LAPTOP-6I2ERQM6" failures="0" tests="3" name="pac1.verify" time="4.056" errors="0" timestamp="2023-11-22T11:11:37 IST" skipped="0">
  <testcase classname="pac1.verify" name="navigateToDynamicTablePage" time="1.082"/>
  <system-out/>
  <testcase classname="pac1.verify" name="insertDataAndRefreshTable" time="2.529"/>
  <system-out/>
  <testcase classname="pac1.verify" name="compareTableWithData" time="0.445"/>
  <system-out/>
</testsuite> <!-- pac1.verify -->
